Determining if the pthread_create exist failed with the following output:
Change Dir: /home/fzff9p/cplusplus_explore/libraries/string/cmake-build-debug/CMakeFiles/CMakeTmp

Run Build Command:"/usr/bin/make" "cmTC_5f9a7/fast"
/usr/bin/make -f CMakeFiles/cmTC_5f9a7.dir/build.make CMakeFiles/cmTC_5f9a7.dir/build
make[1]: Entering directory `/home/fzff9p/cplusplus_explore/libraries/string/cmake-build-debug/CMakeFiles/CMakeTmp'
Building C object CMakeFiles/cmTC_5f9a7.dir/CheckSymbolExists.c.o
/usr/bin/gcc    -o CMakeFiles/cmTC_5f9a7.dir/CheckSymbolExists.c.o   -c /home/fzff9p/cplusplus_explore/libraries/string/cmake-build-debug/CMakeFiles/CMakeTmp/CheckSymbolExists.c
Linking C executable cmTC_5f9a7
/opt/clion-2017.2.1/bin/cmake/bin/cmake -E cmake_link_script CMakeFiles/cmTC_5f9a7.dir/link.txt --verbose=1
/usr/bin/gcc      CMakeFiles/cmTC_5f9a7.dir/CheckSymbolExists.c.o  -o cmTC_5f9a7 
CMakeFiles/cmTC_5f9a7.dir/CheckSymbolExists.c.o: In function `main':
CheckSymbolExists.c:(.text+0x16): undefined reference to `pthread_create'
collect2: error: ld returned 1 exit status
make[1]: *** [cmTC_5f9a7] Error 1
make[1]: Leaving directory `/home/fzff9p/cplusplus_explore/libraries/string/cmake-build-debug/CMakeFiles/CMakeTmp'
make: *** [cmTC_5f9a7/fast] Error 2

File /home/fzff9p/cplusplus_explore/libraries/string/cmake-build-debug/CMakeFiles/CMakeTmp/CheckSymbolExists.c:
/* */
#include <pthread.h>

int main(int argc, char** argv)
{
  (void)argv;
#ifndef pthread_create
  return ((int*)(&pthread_create))[argc];
#else
  (void)argc;
  return 0;
#endif
}

Determining if the function pthread_create exists in the pthreads failed with the following output:
Change Dir: /home/fzff9p/cplusplus_explore/libraries/string/cmake-build-debug/CMakeFiles/CMakeTmp

Run Build Command:"/usr/bin/make" "cmTC_9381c/fast"
/usr/bin/make -f CMakeFiles/cmTC_9381c.dir/build.make CMakeFiles/cmTC_9381c.dir/build
make[1]: Entering directory `/home/fzff9p/cplusplus_explore/libraries/string/cmake-build-debug/CMakeFiles/CMakeTmp'
Building C object CMakeFiles/cmTC_9381c.dir/CheckFunctionExists.c.o
/usr/bin/gcc   -DCHECK_FUNCTION_EXISTS=pthread_create   -o CMakeFiles/cmTC_9381c.dir/CheckFunctionExists.c.o   -c /opt/clion-2017.2.1/bin/cmake/share/cmake-3.8/Modules/CheckFunctionExists.c
Linking C executable cmTC_9381c
/opt/clion-2017.2.1/bin/cmake/bin/cmake -E cmake_link_script CMakeFiles/cmTC_9381c.dir/link.txt --verbose=1
/usr/bin/gcc  -DCHECK_FUNCTION_EXISTS=pthread_create    CMakeFiles/cmTC_9381c.dir/CheckFunctionExists.c.o  -o cmTC_9381c -lpthreads 
/usr/bin/ld: cannot find -lpthreads
collect2: error: ld returned 1 exit status
make[1]: *** [cmTC_9381c] Error 1
make[1]: Leaving directory `/home/fzff9p/cplusplus_explore/libraries/string/cmake-build-debug/CMakeFiles/CMakeTmp'
make: *** [cmTC_9381c/fast] Error 2


